<?xml version="1.0" encoding="UTF-8"?>
<!-- Generated by org.testng.reporters.JUnitReportReporter -->
<testsuite hostname="MININT-1GJHRA7" failures="0" tests="1" name="testCases.TC_Ward_Edit_Reset_AllWards" time="8.748" errors="0" timestamp="18 Feb 2018 12:02:38 GMT" skipped="0">
  <testcase classname="testCases.TC_Ward_Edit_Reset_AllWards" name="f" time="8.748"/>
</testsuite> <!-- testCases.TC_Ward_Edit_Reset_AllWards -->
