<?xml version="1.0" encoding="UTF-8"?>
<!-- Generated by org.testng.reporters.JUnitReportReporter -->
<testsuite hostname="MININT-1GJHRA7" failures="0" tests="1" name="testCases.TC_Jobs_List_RecordPerPage" time="17.311" errors="0" timestamp="14 Jan 2018 23:40:29 GMT" skipped="0">
  <testcase classname="testCases.TC_Jobs_List_RecordPerPage" name="f" time="17.311"/>
</testsuite> <!-- testCases.TC_Jobs_List_RecordPerPage -->
