<?xml version="1.0" encoding="UTF-8"?>
<!-- Generated by org.testng.reporters.JUnitReportReporter -->
<testsuite hostname="MININT-1GJHRA7" failures="0" tests="1" name="testCases.TC_Nurse_Handover_RecordPerPage" time="16.663" errors="0" timestamp="19 Feb 2018 19:06:39 GMT" skipped="0">
  <testcase classname="testCases.TC_Nurse_Handover_RecordPerPage" name="f" time="16.663"/>
</testsuite> <!-- testCases.TC_Nurse_Handover_RecordPerPage -->
