<?xml version="1.0" encoding="UTF-8"?>
<!-- Generated by org.testng.reporters.JUnitReportReporter -->
<testsuite hostname="MININT-1GJHRA7" failures="0" tests="1" name="testCases.TC_Nurse_Handover_AddNewRecord" time="9.388" errors="0" timestamp="18 Feb 2018 19:44:47 GMT" skipped="0">
  <testcase classname="testCases.TC_Nurse_Handover_AddNewRecord" name="f" time="9.388"/>
</testsuite> <!-- testCases.TC_Nurse_Handover_AddNewRecord -->
