<?xml version="1.0" encoding="UTF-8"?>
<!-- Generated by org.testng.reporters.JUnitReportReporter -->
<testsuite hostname="MININT-1GJHRA7" failures="0" tests="1" name="testCases.TC_Archived_Patients_Print" time="6.960" errors="0" timestamp="13 Mar 2018 18:39:57 GMT" skipped="0">
  <testcase classname="testCases.TC_Archived_Patients_Print" name="f" time="6.960"/>
</testsuite> <!-- testCases.TC_Archived_Patients_Print -->
