<?xml version="1.0" encoding="UTF-8"?>
<!-- Generated by org.testng.reporters.JUnitReportReporter -->
<testsuite hostname="MININT-1GJHRA7" failures="0" tests="1" name="testCases.TC_Nurse_Handover_ChangePwdLogin" time="13.313" errors="0" timestamp="18 Feb 2018 18:47:44 GMT" skipped="0">
  <testcase classname="testCases.TC_Nurse_Handover_ChangePwdLogin" name="f" time="13.313"/>
</testsuite> <!-- testCases.TC_Nurse_Handover_ChangePwdLogin -->
