<?xml version="1.0" encoding="UTF-8"?>
<!-- Generated by org.testng.reporters.JUnitReportReporter -->
<testsuite hostname="MININT-1GJHRA7" failures="0" tests="1" name="testCases.TC_Ward_RoundSheet_ReinstatePwd" time="11.192" errors="0" timestamp="13 Jan 2018 23:52:59 GMT" skipped="0">
  <testcase classname="testCases.TC_Ward_RoundSheet_ReinstatePwd" name="f" time="11.192"/>
</testsuite> <!-- testCases.TC_Ward_RoundSheet_ReinstatePwd -->
