<?xml version="1.0" encoding="UTF-8"?>
<!-- Generated by org.testng.reporters.JUnitReportReporter -->
<testsuite hostname="MININT-1GJHRA7" failures="0" tests="1" name="testCases.TC_Doctor_Handover_ChangePwdLogin" time="17.980" errors="0" timestamp="13 Jan 2018 23:40:21 GMT" skipped="0">
  <testcase classname="testCases.TC_Doctor_Handover_ChangePwdLogin" name="f" time="17.980"/>
</testsuite> <!-- testCases.TC_Doctor_Handover_ChangePwdLogin -->
