<?xml version="1.0" encoding="UTF-8"?>
<!-- Generated by org.testng.reporters.JUnitReportReporter -->
<testsuite hostname="MININT-1GJHRA7" failures="0" tests="1" name="testCases.TC_Archived_Jobs_AddNewRecordReset" time="8.813" errors="0" timestamp="16 Feb 2018 21:50:03 GMT" skipped="0">
  <testcase classname="testCases.TC_Archived_Jobs_AddNewRecordReset" name="f" time="8.813"/>
</testsuite> <!-- testCases.TC_Archived_Jobs_AddNewRecordReset -->
