<?xml version="1.0" encoding="UTF-8"?>
<!-- Generated by org.testng.reporters.JUnitReportReporter -->
<testsuite hostname="MININT-1GJHRA7" failures="0" tests="1" name="testCases.TC_Jobs_List_Select_Unselect" time="8.028" errors="0" timestamp="19 Feb 2018 19:14:21 GMT" skipped="0">
  <testcase classname="testCases.TC_Jobs_List_Select_Unselect" name="f" time="8.028"/>
</testsuite> <!-- testCases.TC_Jobs_List_Select_Unselect -->
