<?xml version="1.0" encoding="UTF-8"?>
<!-- Generated by org.testng.reporters.JUnitReportReporter -->
<testsuite hostname="MININT-1GJHRA7" failures="0" tests="1" name="testCases.TC_Jobs_List_Edit_Back" time="21.898" errors="0" timestamp="29 Dec 2017 09:30:29 GMT" skipped="0">
  <testcase classname="testCases.TC_Jobs_List_Edit_Back" name="f" time="21.898"/>
</testsuite> <!-- testCases.TC_Jobs_List_Edit_Back -->
