<?xml version="1.0" encoding="UTF-8"?>
<!-- Generated by org.testng.reporters.JUnitReportReporter -->
<testsuite hostname="MININT-1GJHRA7" failures="0" tests="1" name="testCases.TC_Nurse_Handover_AddNewRecordReset" time="10.111" errors="0" timestamp="18 Feb 2018 11:46:30 GMT" skipped="0">
  <testcase classname="testCases.TC_Nurse_Handover_AddNewRecordReset" name="f" time="10.111"/>
</testsuite> <!-- testCases.TC_Nurse_Handover_AddNewRecordReset -->
