<?xml version="1.0" encoding="UTF-8"?>
<!-- Generated by org.testng.reporters.JUnitReportReporter -->
<testsuite hostname="MININT-1GJHRA7" failures="0" tests="1" name="testCases.TC_Jobs_List_SortFunctionality" time="13.120" errors="0" timestamp="18 Feb 2018 11:41:15 GMT" skipped="0">
  <testcase classname="testCases.TC_Jobs_List_SortFunctionality" name="f" time="13.120"/>
</testsuite> <!-- testCases.TC_Jobs_List_SortFunctionality -->
