<?xml version="1.0" encoding="UTF-8"?>
<!-- Generated by org.testng.reporters.JUnitReportReporter -->
<testsuite hostname="MININT-1GJHRA7" failures="0" tests="1" name="testCases.TC_Archived_Jobs_ChangePwdLogin" time="13.188" errors="0" timestamp="18 Feb 2018 17:30:20 GMT" skipped="0">
  <testcase classname="testCases.TC_Archived_Jobs_ChangePwdLogin" name="f" time="13.188"/>
</testsuite> <!-- testCases.TC_Archived_Jobs_ChangePwdLogin -->
