<?xml version="1.0" encoding="UTF-8"?>
<!-- Generated by org.testng.reporters.JUnitReportReporter -->
<testsuite hostname="MININT-1GJHRA7" failures="0" tests="1" name="testCases.TC_Doctor_Handover_SortFunctionality" time="4.020" errors="0" timestamp="11 Mar 2018 12:42:59 GMT" skipped="0">
  <testcase classname="testCases.TC_Doctor_Handover_SortFunctionality" name="f" time="4.020"/>
</testsuite> <!-- testCases.TC_Doctor_Handover_SortFunctionality -->
