<?xml version="1.0" encoding="UTF-8"?>
<!-- Generated by org.testng.reporters.JUnitReportReporter -->
<testsuite hostname="MININT-1GJHRA7" failures="0" tests="1" name="testCases.TC_Archived_Patients_ArchivedJobsBack" time="34.228" errors="0" timestamp="16 Feb 2018 22:19:46 GMT" skipped="0">
  <testcase classname="testCases.TC_Archived_Patients_ArchivedJobsBack" name="f" time="34.228"/>
</testsuite> <!-- testCases.TC_Archived_Patients_ArchivedJobsBack -->
