<?xml version="1.0" encoding="UTF-8"?>
<!-- Generated by org.testng.reporters.JUnitReportReporter -->
<testsuite hostname="MININT-1GJHRA7" failures="0" tests="1" name="testCases.TC_Ward_RoundSheet_ReinstatePwd" time="9.576" errors="0" timestamp="18 Feb 2018 14:59:14 GMT" skipped="0">
  <testcase classname="testCases.TC_Ward_RoundSheet_ReinstatePwd" name="f" time="9.576"/>
</testsuite> <!-- testCases.TC_Ward_RoundSheet_ReinstatePwd -->
