<?xml version="1.0" encoding="UTF-8"?>
<!-- Generated by org.testng.reporters.JUnitReportReporter -->
<testsuite hostname="MININT-1GJHRA7" failures="0" tests="1" name="testCases.TC_Jobs_List_Select_Unselect" time="8.266" errors="0" timestamp="18 Feb 2018 11:40:46 GMT" skipped="0">
  <testcase classname="testCases.TC_Jobs_List_Select_Unselect" name="f" time="8.266"/>
</testsuite> <!-- testCases.TC_Jobs_List_Select_Unselect -->
