<?xml version="1.0" encoding="UTF-8"?>
<!-- Generated by org.testng.reporters.JUnitReportReporter -->
<testsuite hostname="MININT-1GJHRA7" failures="0" tests="1" name="testCases.TC_Ward_Edit_Reset_AllWards" time="9.159" errors="0" timestamp="13 Jan 2018 23:52:59 GMT" skipped="0">
  <testcase classname="testCases.TC_Ward_Edit_Reset_AllWards" name="f" time="9.159"/>
</testsuite> <!-- testCases.TC_Ward_Edit_Reset_AllWards -->
