<?xml version="1.0" encoding="UTF-8"?>
<!-- Generated by org.testng.reporters.JUnitReportReporter -->
<testsuite hostname="MININT-1GJHRA7" failures="0" tests="1" name="testCases.TC_Archived_Patients_RecordPerPage" time="9.530" errors="0" timestamp="19 Feb 2018 18:00:14 GMT" skipped="0">
  <testcase classname="testCases.TC_Archived_Patients_RecordPerPage" name="f" time="9.530"/>
</testsuite> <!-- testCases.TC_Archived_Patients_RecordPerPage -->
