<?xml version="1.0" encoding="UTF-8"?>
<!-- Generated by org.testng.reporters.JUnitReportReporter -->
<testsuite hostname="MININT-1GJHRA7" failures="0" tests="1" name="testCases.TC_Doctor_Handover_Print" time="6.303" errors="0" timestamp="13 Jan 2018 23:40:21 GMT" skipped="0">
  <testcase classname="testCases.TC_Doctor_Handover_Print" name="f" time="6.303"/>
</testsuite> <!-- testCases.TC_Doctor_Handover_Print -->
