<?xml version="1.0" encoding="UTF-8"?>
<!-- Generated by org.testng.reporters.JUnitReportReporter -->
<testsuite hostname="MININT-1GJHRA7" failures="0" tests="1" name="testCases.TC_Doctor_Handover_ChangePwdLogin" time="22.354" errors="0" timestamp="22 Mar 2018 23:12:03 GMT" skipped="0">
  <testcase classname="testCases.TC_Doctor_Handover_ChangePwdLogin" name="f" time="22.354"/>
</testsuite> <!-- testCases.TC_Doctor_Handover_ChangePwdLogin -->
