<?xml version="1.0" encoding="UTF-8"?>
<!-- Generated by org.testng.reporters.JUnitReportReporter -->
<testsuite hostname="MININT-1GJHRA7" failures="0" tests="1" name="testCases.TC_Consultant_Edit_Reset_AllConsultant" time="9.639" errors="0" timestamp="13 Jan 2018 23:38:56 GMT" skipped="0">
  <testcase classname="testCases.TC_Consultant_Edit_Reset_AllConsultant" name="f" time="9.639"/>
</testsuite> <!-- testCases.TC_Consultant_Edit_Reset_AllConsultant -->
