<?xml version="1.0" encoding="UTF-8"?>
<!-- Generated by org.testng.reporters.JUnitReportReporter -->
<testsuite hostname="MININT-1GJHRA7" failures="0" tests="1" name="testCases.TC_Archived_Patients_ChangePwdLogin" time="28.788" errors="0" timestamp="17 Feb 2018 10:33:31 GMT" skipped="0">
  <testcase classname="testCases.TC_Archived_Patients_ChangePwdLogin" name="f" time="28.788"/>
</testsuite> <!-- testCases.TC_Archived_Patients_ChangePwdLogin -->
