<?xml version="1.0" encoding="UTF-8"?>
<!-- Generated by org.testng.reporters.JUnitReportReporter -->
<testsuite hostname="MININT-1GJHRA7" failures="0" tests="1" name="testCases.TC_Consultant_Add_Reset" time="6.259" errors="0" timestamp="18 Feb 2018 10:33:29 GMT" skipped="0">
  <testcase classname="testCases.TC_Consultant_Add_Reset" name="f" time="6.259"/>
</testsuite> <!-- testCases.TC_Consultant_Add_Reset -->
