<?xml version="1.0" encoding="UTF-8"?>
<!-- Generated by org.testng.reporters.JUnitReportReporter -->
<testsuite hostname="MININT-1GJHRA7" failures="0" tests="1" name="testCases.TC_Ward_RoundSheet_RecordPerPage" time="1.245" errors="0" timestamp="11 Mar 2018 12:42:59 GMT" skipped="0">
  <testcase classname="testCases.TC_Ward_RoundSheet_RecordPerPage" name="f" time="1.245"/>
</testsuite> <!-- testCases.TC_Ward_RoundSheet_RecordPerPage -->
