<?xml version="1.0" encoding="UTF-8"?>
<!-- Generated by org.testng.reporters.JUnitReportReporter -->
<testsuite hostname="MININT-1GJHRA7" failures="0" tests="1" name="testCases.TC_Nurse_Handover_SortFunctionality" time="14.410" errors="0" timestamp="18 Feb 2018 12:00:28 GMT" skipped="0">
  <testcase classname="testCases.TC_Nurse_Handover_SortFunctionality" name="f" time="14.410"/>
</testsuite> <!-- testCases.TC_Nurse_Handover_SortFunctionality -->
