<?xml version="1.0" encoding="UTF-8"?>
<!-- Generated by org.testng.reporters.JUnitReportReporter -->
<testsuite hostname="MININT-1GJHRA7" failures="0" tests="1" name="testCases.TC_Nurse_Handover_View_Back" time="9.593" errors="0" timestamp="18 Feb 2018 12:00:57 GMT" skipped="0">
  <testcase classname="testCases.TC_Nurse_Handover_View_Back" name="f" time="9.593"/>
</testsuite> <!-- testCases.TC_Nurse_Handover_View_Back -->
