<?xml version="1.0" encoding="UTF-8"?>
<!-- Generated by org.testng.reporters.JUnitReportReporter -->
<testsuite hostname="MININT-1GJHRA7" failures="0" tests="1" name="testCases.TC_Jobs_List_AdvSearch" time="9.106" errors="0" timestamp="03 Jan 2018 18:10:07 GMT" skipped="0">
  <testcase classname="testCases.TC_Jobs_List_AdvSearch" name="f" time="9.106"/>
</testsuite> <!-- testCases.TC_Jobs_List_AdvSearch -->
