<?xml version="1.0" encoding="UTF-8"?>
<!-- Generated by org.testng.reporters.JUnitReportReporter -->
<testsuite hostname="MININT-1GJHRA7" failures="0" tests="1" name="testCases.TC_Consultant_Add_Reset" time="8.121" errors="0" timestamp="19 Feb 2018 18:31:42 GMT" skipped="0">
  <testcase classname="testCases.TC_Consultant_Add_Reset" name="f" time="8.121"/>
</testsuite> <!-- testCases.TC_Consultant_Add_Reset -->
