<?xml version="1.0" encoding="UTF-8"?>
<!-- Generated by org.testng.reporters.JUnitReportReporter -->
<testsuite hostname="MININT-1GJHRA7" failures="0" tests="1" name="testCases.TC_Nurse_Handover_AdvSearch" time="17.156" errors="0" timestamp="18 Feb 2018 11:47:15 GMT" skipped="0">
  <testcase classname="testCases.TC_Nurse_Handover_AdvSearch" name="f" time="17.156"/>
</testsuite> <!-- testCases.TC_Nurse_Handover_AdvSearch -->
