<?xml version="1.0" encoding="UTF-8"?>
<!-- Generated by org.testng.reporters.JUnitReportReporter -->
<testsuite hostname="MININT-1GJHRA7" failures="0" tests="1" name="testCases.TC_Archived_Jobs_AddNew_Back" time="5.495" errors="0" timestamp="19 Feb 2018 17:41:20 GMT" skipped="0">
  <testcase classname="testCases.TC_Archived_Jobs_AddNew_Back" name="f" time="5.495"/>
</testsuite> <!-- testCases.TC_Archived_Jobs_AddNew_Back -->
