<?xml version="1.0" encoding="UTF-8"?>
<!-- Generated by org.testng.reporters.JUnitReportReporter -->
<testsuite hostname="MININT-1GJHRA7" failures="0" tests="1" name="testCases.TC_Archived_Patients_ArchivedJobsBack" time="7.792" errors="0" timestamp="20 Mar 2018 20:57:28 GMT" skipped="0">
  <testcase classname="testCases.TC_Archived_Patients_ArchivedJobsBack" name="f" time="7.792"/>
</testsuite> <!-- testCases.TC_Archived_Patients_ArchivedJobsBack -->
