<?xml version="1.0" encoding="UTF-8"?>
<!-- Generated by org.testng.reporters.JUnitReportReporter -->
<testsuite hostname="MININT-1GJHRA7" failures="0" tests="1" name="testCases.TC_Archived_Jobs_SortFunctionality" time="11.936" errors="0" timestamp="20 Mar 2018 19:41:54 GMT" skipped="0">
  <testcase classname="testCases.TC_Archived_Jobs_SortFunctionality" name="f" time="11.936"/>
</testsuite> <!-- testCases.TC_Archived_Jobs_SortFunctionality -->
