<?xml version="1.0" encoding="UTF-8"?>
<!-- Generated by org.testng.reporters.JUnitReportReporter -->
<testsuite hostname="MININT-1GJHRA7" failures="0" tests="1" name="testCases.TC_Consultant_View_Back_AllConsultant" time="7.651" errors="0" timestamp="18 Feb 2018 07:30:59 GMT" skipped="0">
  <testcase classname="testCases.TC_Consultant_View_Back_AllConsultant" name="f" time="7.651"/>
</testsuite> <!-- testCases.TC_Consultant_View_Back_AllConsultant -->
