<?xml version="1.0" encoding="UTF-8"?>
<!-- Generated by org.testng.reporters.JUnitReportReporter -->
<testsuite hostname="MININT-1GJHRA7" failures="0" tests="1" name="testCases.TC_Archived_Patients_SortFunctionality" time="4.081" errors="0" timestamp="11 Mar 2018 12:42:59 GMT" skipped="0">
  <testcase classname="testCases.TC_Archived_Patients_SortFunctionality" name="f" time="4.081"/>
</testsuite> <!-- testCases.TC_Archived_Patients_SortFunctionality -->
