<?xml version="1.0" encoding="UTF-8"?>
<!-- Generated by org.testng.reporters.JUnitReportReporter -->
<testsuite hostname="MININT-1GJHRA7" failures="0" tests="1" name="testCases.TC_Jobs_List_Edit_Back_Change" time="16.511" errors="0" timestamp="18 Feb 2018 18:26:52 GMT" skipped="0">
  <testcase classname="testCases.TC_Jobs_List_Edit_Back_Change" name="f" time="16.511"/>
</testsuite> <!-- testCases.TC_Jobs_List_Edit_Back_Change -->
