<?xml version="1.0" encoding="UTF-8"?>
<!-- Generated by org.testng.reporters.JUnitReportReporter -->
<testsuite hostname="MININT-1GJHRA7" failures="0" tests="1" name="testCases.TC_Jobs_List_Edit_Back_Change" time="35.425" errors="0" timestamp="13 Jan 2018 23:47:14 GMT" skipped="0">
  <testcase classname="testCases.TC_Jobs_List_Edit_Back_Change" name="f" time="35.425"/>
</testsuite> <!-- testCases.TC_Jobs_List_Edit_Back_Change -->
