<?xml version="1.0" encoding="UTF-8"?>
<!-- Generated by org.testng.reporters.JUnitReportReporter -->
<testsuite hostname="MININT-1GJHRA7" failures="0" tests="1" name="testCases.TC_Jobs_List_AddNewRecord" time="11.147" errors="0" timestamp="13 Jan 2018 23:55:52 GMT" skipped="0">
  <testcase classname="testCases.TC_Jobs_List_AddNewRecord" name="f" time="11.147"/>
</testsuite> <!-- testCases.TC_Jobs_List_AddNewRecord -->
