<?xml version="1.0" encoding="UTF-8"?>
<!-- Generated by org.testng.reporters.JUnitReportReporter -->
<testsuite hostname="MININT-1GJHRA7" failures="0" tests="1" name="testCases.TC_Consultant_Edit_Back_All" time="9.392" errors="0" timestamp="13 Jan 2018 23:38:56 GMT" skipped="0">
  <testcase classname="testCases.TC_Consultant_Edit_Back_All" name="f" time="9.392"/>
</testsuite> <!-- testCases.TC_Consultant_Edit_Back_All -->
