<?xml version="1.0" encoding="UTF-8"?>
<!-- Generated by org.testng.reporters.JUnitReportReporter -->
<testsuite hostname="MININT-1GJHRA7" failures="0" tests="1" name="testCases.TC_Consultant_AddNewConsultant" time="7.193" errors="0" timestamp="18 Feb 2018 07:29:08 GMT" skipped="0">
  <testcase classname="testCases.TC_Consultant_AddNewConsultant" name="f" time="7.193"/>
</testsuite> <!-- testCases.TC_Consultant_AddNewConsultant -->
