<?xml version="1.0" encoding="UTF-8"?>
<!-- Generated by org.testng.reporters.JUnitReportReporter -->
<testsuite hostname="MININT-1GJHRA7" failures="0" tests="1" name="testCases.TC_Nurse_Handover_AddNewRecord" time="9.913" errors="0" timestamp="13 Jan 2018 23:50:19 GMT" skipped="0">
  <testcase classname="testCases.TC_Nurse_Handover_AddNewRecord" name="f" time="9.913"/>
</testsuite> <!-- testCases.TC_Nurse_Handover_AddNewRecord -->
