<?xml version="1.0" encoding="UTF-8"?>
<!-- Generated by org.testng.reporters.JUnitReportReporter -->
<testsuite hostname="MININT-1GJHRA7" failures="0" tests="1" name="testCases.TC_Doctor_Handover_Print" time="5.679" errors="0" timestamp="20 Mar 2018 21:16:48 GMT" skipped="0">
  <testcase classname="testCases.TC_Doctor_Handover_Print" name="f" time="5.679"/>
</testsuite> <!-- testCases.TC_Doctor_Handover_Print -->
