<?xml version="1.0" encoding="UTF-8"?>
<!-- Generated by org.testng.reporters.JUnitReportReporter -->
<testsuite hostname="MININT-1GJHRA7" failures="0" tests="1" name="testCases.TC_Jobs_List_View_Back" time="8.956" errors="0" timestamp="18 Feb 2018 11:42:58 GMT" skipped="0">
  <testcase classname="testCases.TC_Jobs_List_View_Back" name="f" time="8.956"/>
</testsuite> <!-- testCases.TC_Jobs_List_View_Back -->
