<?xml version="1.0" encoding="UTF-8"?>
<!-- Generated by org.testng.reporters.JUnitReportReporter -->
<testsuite hostname="MININT-1GJHRA7" failures="0" tests="1" name="testCases.TC_Jobs_List_ChangePwdLogin" time="24.683" errors="0" timestamp="19 Feb 2018 19:14:21 GMT" skipped="0">
  <testcase classname="testCases.TC_Jobs_List_ChangePwdLogin" name="f" time="24.683"/>
</testsuite> <!-- testCases.TC_Jobs_List_ChangePwdLogin -->
