<?xml version="1.0" encoding="UTF-8"?>
<!-- Generated by org.testng.reporters.JUnitReportReporter -->
<testsuite hostname="MININT-1GJHRA7" failures="0" tests="1" name="testCases.TC_Maintain_Username_EditBack" time="8.876" errors="0" timestamp="18 Feb 2018 11:43:25 GMT" skipped="0">
  <testcase classname="testCases.TC_Maintain_Username_EditBack" name="f" time="8.876"/>
</testsuite> <!-- testCases.TC_Maintain_Username_EditBack -->
