<?xml version="1.0" encoding="UTF-8"?>
<!-- Generated by org.testng.reporters.JUnitReportReporter -->
<testsuite hostname="MININT-1GJHRA7" failures="0" tests="1" name="testCases.TC_Consultant_Edit_Reset_AllConsultant" time="6.960" errors="0" timestamp="18 Feb 2018 10:34:19 GMT" skipped="0">
  <testcase classname="testCases.TC_Consultant_Edit_Reset_AllConsultant" name="f" time="6.960"/>
</testsuite> <!-- testCases.TC_Consultant_Edit_Reset_AllConsultant -->
