<?xml version="1.0" encoding="UTF-8"?>
<!-- Generated by org.testng.reporters.JUnitReportReporter -->
<testsuite hostname="MININT-1GJHRA7" failures="0" tests="1" name="testCases.TC_Doctor_Handover_ReinstatePwd" time="8.119" errors="0" timestamp="18 Feb 2018 11:03:56 GMT" skipped="0">
  <testcase classname="testCases.TC_Doctor_Handover_ReinstatePwd" name="f" time="8.119"/>
</testsuite> <!-- testCases.TC_Doctor_Handover_ReinstatePwd -->
