<?xml version="1.0" encoding="UTF-8"?>
<!-- Generated by org.testng.reporters.JUnitReportReporter -->
<testsuite hostname="MININT-1GJHRA7" failures="0" tests="1" name="testCases.TC_Doctor_Handover_SortFunctionality" time="11.734" errors="0" timestamp="19 Feb 2018 18:40:43 GMT" skipped="0">
  <testcase classname="testCases.TC_Doctor_Handover_SortFunctionality" name="f" time="11.734"/>
</testsuite> <!-- testCases.TC_Doctor_Handover_SortFunctionality -->
