<?xml version="1.0" encoding="UTF-8"?>
<!-- Generated by org.testng.reporters.JUnitReportReporter -->
<testsuite hostname="MININT-1GJHRA7" failures="0" tests="1" name="testCases.TC_Archived_Jobs_View_Back" time="2.462" errors="0" timestamp="11 Mar 2018 22:54:45 GMT" skipped="0">
  <testcase classname="testCases.TC_Archived_Jobs_View_Back" name="f" time="2.462"/>
</testsuite> <!-- testCases.TC_Archived_Jobs_View_Back -->
