<?xml version="1.0" encoding="UTF-8"?>
<!-- Generated by org.testng.reporters.JUnitReportReporter -->
<testsuite hostname="MININT-1GJHRA7" failures="0" tests="1" name="testCases.TC_Doctor_Handover_RecordPerPage" time="16.621" errors="0" timestamp="14 Jan 2018 23:37:55 GMT" skipped="0">
  <testcase classname="testCases.TC_Doctor_Handover_RecordPerPage" name="f" time="16.621"/>
</testsuite> <!-- testCases.TC_Doctor_Handover_RecordPerPage -->
