<?xml version="1.0" encoding="UTF-8"?>
<!-- Generated by org.testng.reporters.JUnitReportReporter -->
<testsuite hostname="MININT-1GJHRA7" failures="0" tests="1" name="testCases.TC_Nurse_Handover_ReinstatePwd" time="10.392" errors="0" timestamp="19 Feb 2018 19:06:39 GMT" skipped="0">
  <testcase classname="testCases.TC_Nurse_Handover_ReinstatePwd" name="f" time="10.392"/>
</testsuite> <!-- testCases.TC_Nurse_Handover_ReinstatePwd -->
