<?xml version="1.0" encoding="UTF-8"?>
<!-- Generated by org.testng.reporters.JUnitReportReporter -->
<testsuite hostname="MININT-1GJHRA7" failures="0" tests="1" name="testCases.TC_Archived_Patients_AdvSearch" time="37.898" errors="0" timestamp="12 Mar 2018 23:33:49 GMT" skipped="0">
  <testcase classname="testCases.TC_Archived_Patients_AdvSearch" name="f" time="37.898"/>
</testsuite> <!-- testCases.TC_Archived_Patients_AdvSearch -->
