<?xml version="1.0" encoding="UTF-8"?>
<!-- Generated by org.testng.reporters.JUnitReportReporter -->
<testsuite hostname="MININT-1GJHRA7" failures="0" tests="1" name="testCases.TC_Jobs_List_ChangePwdLogin" time="11.244" errors="0" timestamp="20 Mar 2018 21:16:48 GMT" skipped="0">
  <testcase classname="testCases.TC_Jobs_List_ChangePwdLogin" name="f" time="11.244"/>
</testsuite> <!-- testCases.TC_Jobs_List_ChangePwdLogin -->
