<?xml version="1.0" encoding="UTF-8"?>
<!-- Generated by org.testng.reporters.JUnitReportReporter -->
<testsuite hostname="MININT-1GJHRA7" failures="0" tests="1" name="testCases.TC_Archived_Jobs_AdvSearch" time="75.110" errors="0" timestamp="12 Mar 2018 20:55:06 GMT" skipped="0">
  <testcase classname="testCases.TC_Archived_Jobs_AdvSearch" name="f" time="75.110"/>
</testsuite> <!-- testCases.TC_Archived_Jobs_AdvSearch -->
