<?xml version="1.0" encoding="UTF-8"?>
<!-- Generated by org.testng.reporters.JUnitReportReporter -->
<testsuite hostname="MININT-1GJHRA7" failures="0" tests="1" name="testCases.TC_Archived_Jobs_Print" time="17.106" errors="0" timestamp="13 Mar 2018 18:33:36 GMT" skipped="0">
  <testcase classname="testCases.TC_Archived_Jobs_Print" name="f" time="17.106"/>
</testsuite> <!-- testCases.TC_Archived_Jobs_Print -->
