<?xml version="1.0" encoding="UTF-8"?>
<!-- Generated by org.testng.reporters.JUnitReportReporter -->
<testsuite hostname="MININT-1GJHRA7" failures="0" tests="1" name="testCases.TC_Archived_Patients_View_Back" time="7.546" errors="0" timestamp="18 Feb 2018 06:53:47 GMT" skipped="0">
  <testcase classname="testCases.TC_Archived_Patients_View_Back" name="f" time="7.546"/>
</testsuite> <!-- testCases.TC_Archived_Patients_View_Back -->
