<?xml version="1.0" encoding="UTF-8"?>
<!-- Generated by org.testng.reporters.JUnitReportReporter -->
<testsuite hostname="MININT-1GJHRA7" failures="0" tests="1" name="testCases.TC_Archived_Patients_AddNew_Back" time="7.037" errors="0" timestamp="20 Mar 2018 20:18:40 GMT" skipped="0">
  <testcase classname="testCases.TC_Archived_Patients_AddNew_Back" name="f" time="7.037"/>
</testsuite> <!-- testCases.TC_Archived_Patients_AddNew_Back -->
