<?xml version="1.0" encoding="UTF-8"?>
<!-- Generated by org.testng.reporters.JUnitReportReporter -->
<testsuite hostname="MININT-1GJHRA7" failures="0" tests="1" name="testCases.TC_Archived_Jobs_AdvSearch" time="94.682" errors="0" timestamp="16 Feb 2018 21:51:55 GMT" skipped="0">
  <testcase classname="testCases.TC_Archived_Jobs_AdvSearch" name="f" time="94.682"/>
</testsuite> <!-- testCases.TC_Archived_Jobs_AdvSearch -->
