<?xml version="1.0" encoding="UTF-8"?>
<!-- Generated by org.testng.reporters.JUnitReportReporter -->
<testsuite hostname="MININT-1GJHRA7" failures="0" tests="1" name="testCases.TC_AddNew_Back" time="16.180" errors="0" timestamp="28 Dec 2017 08:13:29 GMT" skipped="0">
  <testcase classname="testCases.TC_AddNew_Back" name="f" time="16.180"/>
</testsuite> <!-- testCases.TC_AddNew_Back -->
