<?xml version="1.0" encoding="UTF-8"?>
<!-- Generated by org.testng.reporters.JUnitReportReporter -->
<testsuite hostname="MININT-1GJHRA7" failures="0" tests="1" name="testCases.TC_Nurse_Handover_RecordPerPage" time="12.958" errors="0" timestamp="18 Feb 2018 11:59:19 GMT" skipped="0">
  <testcase classname="testCases.TC_Nurse_Handover_RecordPerPage" name="f" time="12.958"/>
</testsuite> <!-- testCases.TC_Nurse_Handover_RecordPerPage -->
