<?xml version="1.0" encoding="UTF-8"?>
<!-- Generated by org.testng.reporters.JUnitReportReporter -->
<testsuite hostname="MININT-1GJHRA7" failures="0" tests="1" name="testCases.TC_Consultant_AddNewConsultant" time="5.908" errors="0" timestamp="20 Mar 2018 21:06:35 GMT" skipped="0">
  <testcase classname="testCases.TC_Consultant_AddNewConsultant" name="f" time="5.908"/>
</testsuite> <!-- testCases.TC_Consultant_AddNewConsultant -->
