<?xml version="1.0" encoding="UTF-8"?>
<!-- Generated by org.testng.reporters.JUnitReportReporter -->
<testsuite hostname="MININT-1GJHRA7" failures="0" tests="1" name="testCases.TC_Ward_RoundSheet_RecordPerPage" time="11.731" errors="0" timestamp="19 Feb 2018 19:13:50 GMT" skipped="0">
  <testcase classname="testCases.TC_Ward_RoundSheet_RecordPerPage" name="f" time="11.731"/>
</testsuite> <!-- testCases.TC_Ward_RoundSheet_RecordPerPage -->
