<?xml version="1.0" encoding="UTF-8"?>
<!-- Generated by org.testng.reporters.JUnitReportReporter -->
<testsuite hostname="MININT-1GJHRA7" failures="0" tests="1" name="testCases.TC_Doctor_Handover_AdvSearch" time="14.325" errors="0" timestamp="18 Feb 2018 10:35:11 GMT" skipped="0">
  <testcase classname="testCases.TC_Doctor_Handover_AdvSearch" name="f" time="14.325"/>
</testsuite> <!-- testCases.TC_Doctor_Handover_AdvSearch -->
