<?xml version="1.0" encoding="UTF-8"?>
<!-- Generated by org.testng.reporters.JUnitReportReporter -->
<testsuite hostname="MININT-1GJHRA7" failures="0" tests="1" name="testCases.TC_Archived_Patients_Print" time="38.451" errors="0" timestamp="20 Mar 2018 21:04:20 GMT" skipped="0">
  <testcase classname="testCases.TC_Archived_Patients_Print" name="f" time="38.451"/>
</testsuite> <!-- testCases.TC_Archived_Patients_Print -->
