<?xml version="1.0" encoding="UTF-8"?>
<!-- Generated by org.testng.reporters.JUnitReportReporter -->
<testsuite hostname="MININT-1GJHRA7" failures="0" tests="1" name="testCases.TC_Ward_RoundSheet_RecordPerPage" time="10.295" errors="0" timestamp="18 Feb 2018 14:58:48 GMT" skipped="0">
  <testcase classname="testCases.TC_Ward_RoundSheet_RecordPerPage" name="f" time="10.295"/>
</testsuite> <!-- testCases.TC_Ward_RoundSheet_RecordPerPage -->
