<?xml version="1.0" encoding="UTF-8"?>
<!-- Generated by org.testng.reporters.JUnitReportReporter -->
<testsuite hostname="MININT-1GJHRA7" failures="0" tests="1" name="testCases.TC_Doctor_Handover_AdvSearch" time="13.873" errors="0" timestamp="20 Mar 2018 21:16:48 GMT" skipped="0">
  <testcase classname="testCases.TC_Doctor_Handover_AdvSearch" name="f" time="13.873"/>
</testsuite> <!-- testCases.TC_Doctor_Handover_AdvSearch -->
