<?xml version="1.0" encoding="UTF-8"?>
<!-- Generated by org.testng.reporters.JUnitReportReporter -->
<testsuite hostname="MININT-1GJHRA7" failures="0" tests="1" name="testCases.TC_Jobs_List_AddNewRecord" time="1.720" errors="0" timestamp="11 Mar 2018 12:42:59 GMT" skipped="0">
  <testcase classname="testCases.TC_Jobs_List_AddNewRecord" name="f" time="1.720"/>
</testsuite> <!-- testCases.TC_Jobs_List_AddNewRecord -->
